d:\대학원\2학년 1학기\vulkan\lecture\vulkantemplate\vulkantemplate\x64\debug\vc142.pdb
d:\대학원\2학년 1학기\vulkan\lecture\vulkantemplate\vulkantemplate\x64\debug\vc142.idb
d:\대학원\2학년 1학기\vulkan\lecture\vulkantemplate\vulkantemplate\x64\debug\main.obj
d:\대학원\2학년 1학기\vulkan\vulkantutorial_kor\vulkantemplate\vulkantemplate\x64\debug\vc142.pdb
d:\대학원\2학년 1학기\vulkan\vulkantutorial_kor\vulkantemplate\vulkantemplate\x64\debug\vc142.idb
d:\대학원\2학년 1학기\vulkan\vulkantutorial_kor\vulkantemplate\vulkantemplate\x64\debug\main.obj
d:\대학원\2학년 1학기\vulkan\lecture\vulkantemplate\x64\debug\vulkantemplate.exe
d:\대학원\2학년 1학기\vulkan\lecture\vulkantemplate\x64\debug\vulkantemplate.ilk
d:\대학원\2학년 1학기\vulkan\lecture\vulkantemplate\x64\debug\vulkantemplate.pdb
d:\대학원\2학년 1학기\vulkan\vulkantutorial_kor\vulkantemplate\x64\debug\vulkantemplate.exe
d:\대학원\2학년 1학기\vulkan\vulkantutorial_kor\vulkantemplate\x64\debug\vulkantemplate.ilk
d:\대학원\2학년 1학기\vulkan\vulkantutorial_kor\vulkantemplate\x64\debug\vulkantemplate.pdb
d:\대학원\2학년 1학기\vulkan\vulkantutorial_kor\vulkantemplate\vulkantemplate\x64\debug\vc141.idb
d:\대학원\2학년 1학기\vulkan\vulkantutorial_kor\vulkantemplate\vulkantemplate\x64\debug\vc141.pdb
d:\대학원\2학년 1학기\vulkan\vulkantutorial_kor\vulkantemplate\vulkantemplate\x64\debug\vulkantemplate.tlog\cl.command.1.tlog
d:\대학원\2학년 1학기\vulkan\vulkantutorial_kor\vulkantemplate\vulkantemplate\x64\debug\vulkantemplate.tlog\cl.read.1.tlog
d:\대학원\2학년 1학기\vulkan\vulkantutorial_kor\vulkantemplate\vulkantemplate\x64\debug\vulkantemplate.tlog\cl.write.1.tlog
d:\대학원\2학년 1학기\vulkan\vulkantutorial_kor\vulkantemplate\vulkantemplate\x64\debug\vulkantemplate.tlog\link.command.1.tlog
d:\대학원\2학년 1학기\vulkan\vulkantutorial_kor\vulkantemplate\vulkantemplate\x64\debug\vulkantemplate.tlog\link.read.1.tlog
d:\대학원\2학년 1학기\vulkan\vulkantutorial_kor\vulkantemplate\vulkantemplate\x64\debug\vulkantemplate.tlog\link.write.1.tlog
